2017-09-06 14:38:53 [127.0.0.1][-][-][error][yii\web\HttpException:404] yii\base\InvalidRouteException: Unable to resolve the request "". in D:\OpenServer\domains\kse\vendor\yiisoft\yii2\base\Module.php:532
Stack trace:
#0 D:\OpenServer\domains\kse\vendor\yiisoft\yii2\web\Application.php(102): yii\base\Module->runAction('', Array)
#1 D:\OpenServer\domains\kse\vendor\yiisoft\yii2\base\Application.php(380): yii\web\Application->handleRequest(Object(yii\web\Request))
#2 D:\OpenServer\domains\kse\web\index.php(20): yii\base\Application->run()
#3 {main}

Next yii\web\NotFoundHttpException: Page not found. in D:\OpenServer\domains\kse\vendor\yiisoft\yii2\web\Application.php:114
Stack trace:
#0 D:\OpenServer\domains\kse\vendor\yiisoft\yii2\base\Application.php(380): yii\web\Application->handleRequest(Object(yii\web\Request))
#1 D:\OpenServer\domains\kse\web\index.php(20): yii\base\Application->run()
#2 {main}
2017-09-06 14:38:53 [127.0.0.1][-][-][info][application] $_COOKIE = [
    '_csrf' => '1ebfa07112aae8518564417a39358b1a411fb1e0216dd6b551197d81aac96c70a:2:{i:0;s:5:\"_csrf\";i:1;s:32:\"ÖdAì}zk’ÉœYéœjyq‹â5V3mˆH¥\";}'
    'PHPSESSID' => 'cbhjtihq3c6oudk612n3g73k30'
]

$_SESSION = [
    '__flash' => []
    '__captcha/site/captcha' => 'yqdazb'
    '__captcha/site/captchacount' => 1
]

$_SERVER = [
    'REDIRECT_STATUS' => '200'
    'HTTP_HOST' => 'kse'
    'HTTP_X_REAL_IP' => '127.0.0.1'
    'HTTP_X_FORWARDED_PROTO' => 'http'
    'HTTP_CONNECTION' => 'close'
    'HTTP_PRAGMA' => 'no-cache'
    'HTTP_CACHE_CONTROL' => 'no-cache'
    'HTTP_UPGRADE_INSECURE_REQUESTS' => '1'
    'HTTP_USER_AGENT' => 'Mozilla/5.0 (Windows NT 10.0; Win64; x64) AppleWebKit/537.36 (KHTML, like Gecko) Chrome/60.0.3112.101 Safari/537.36'
    'HTTP_ACCEPT' => 'text/html,application/xhtml+xml,application/xml;q=0.9,image/webp,image/apng,*/*;q=0.8'
    'HTTP_REFERER' => 'http://kse/site'
    'HTTP_ACCEPT_ENCODING' => 'gzip, deflate'
    'HTTP_ACCEPT_LANGUAGE' => 'ru-RU,ru;q=0.8,en-US;q=0.6,en;q=0.4'
    'HTTP_COOKIE' => '_csrf=1ebfa07112aae8518564417a39358b1a411fb1e0216dd6b551197d81aac96c70a%3A2%3A%7Bi%3A0%3Bs%3A5%3A%22_csrf%22%3Bi%3A1%3Bs%3A32%3A%22%D6%1A%0FdA%EC%7Dzk%92%C9%9CY%E9%9C%13j%15yq%8B%E25%81V3%07m%88H%A5%1E%22%3B%7D; PHPSESSID=cbhjtihq3c6oudk612n3g73k30'
    'PATH' => 'd:\\openserver\\modules\\php\\PHP-7-x64\\ext;d:\\openserver\\modules\\php\\PHP-7-x64\\pear;d:\\openserver\\modules\\php\\PHP-7-x64\\pear\\bin;d:\\openserver\\modules\\php\\PHP-7-x64;d:\\openserver\\modules\\imagemagick;d:\\openserver\\modules\\wget\\bin;d:\\openserver\\modules\\git;d:\\openserver\\modules\\git\\bin;d:\\openserver\\modules\\git\\mingw\\bin;d:\\openserver\\modules\\git\\cmd;d:\\openserver\\modules\\database\\MySQL-5.6-x64\\bin;d:\\openserver\\modules\\memcached\\Memcached-1.4;d:\\openserver\\modules\\http\\Apache-PHP-7-x64+Nginx-1.10\\bin;d:\\openserver\\modules\\http\\Apache-PHP-7-x64+Nginx-1.10;C:\\Windows\\system32;C:\\Windows;C:\\Windows\\system32\\Wbem;C:\\Windows\\SysWOW64'
    'SystemRoot' => 'C:\\Windows'
    'COMSPEC' => 'C:\\Windows\\system32\\cmd.exe'
    'PATHEXT' => '.COM;.EXE;.BAT;.CMD;.VBS;.VBE;.JS;.JSE;.WSF;.WSH;.MSC'
    'WINDIR' => 'C:\\Windows'
    'SERVER_SIGNATURE' => ''
    'SERVER_SOFTWARE' => 'Apache'
    'SERVER_NAME' => 'kse'
    'SERVER_ADDR' => '127.0.0.1'
    'SERVER_PORT' => '80'
    'REMOTE_ADDR' => '127.0.0.1'
    'DOCUMENT_ROOT' => 'D:/OpenServer/domains/kse'
    'REQUEST_SCHEME' => 'http'
    'CONTEXT_PREFIX' => ''
    'CONTEXT_DOCUMENT_ROOT' => 'D:/OpenServer/domains/kse'
    'SERVER_ADMIN' => '[no address given]'
    'SCRIPT_FILENAME' => 'D:/OpenServer/domains/kse/web/index.php'
    'REMOTE_PORT' => '5420'
    'REDIRECT_URL' => '/'
    'GATEWAY_INTERFACE' => 'CGI/1.1'
    'SERVER_PROTOCOL' => 'HTTP/1.0'
    'REQUEST_METHOD' => 'GET'
    'QUERY_STRING' => ''
    'REQUEST_URI' => '/'
    'SCRIPT_NAME' => '/web/index.php'
    'PHP_SELF' => '/web/index.php'
    'REQUEST_TIME_FLOAT' => 1504697933.621
    'REQUEST_TIME' => 1504697933
    'argv' => []
    'argc' => 0
]
